<?xml version="1.0" encoding="UTF-8"?>
<!-- Generated by org.testng.reporters.JUnitReportReporter -->
<testsuite hostname="DESKTOP-AOU4GD0" failures="0" tests="4" name="com.TestCases.ProductNServicePageTest" time="150.510" errors="0" timestamp="16 Mar 2019 03:46:36 GMT" skipped="0">
  <testcase classname="com.TestCases.ProductNServicePageTest" name="CreateNewOrder" time="37.177"/>
  <testcase classname="com.TestCases.ProductNServicePageTest" name="CreateNewOrder" time="37.675"/>
  <testcase classname="com.TestCases.ProductNServicePageTest" name="CreateNewOrder" time="38.956"/>
  <testcase classname="com.TestCases.ProductNServicePageTest" name="CreateNewOrder" time="36.702"/>
</testsuite> <!-- com.TestCases.ProductNServicePageTest -->
