<?xml version="1.0" encoding="UTF-8"?>
<!-- Generated by org.testng.reporters.JUnitReportReporter -->
<testsuite hostname="DESKTOP-AOU4GD0" failures="0" tests="4" name="com.TestCases.LoginPageTest" time="30.198" errors="0" timestamp="21 Mar 2019 07:44:31 GMT" skipped="0">
  <testcase classname="com.TestCases.LoginPageTest" name="VerifyLogoOfThePage" time="6.746"/>
  <testcase classname="com.TestCases.LoginPageTest" name="VerifyTitleOfThePage" time="5.076"/>
  <testcase classname="com.TestCases.LoginPageTest" name="VerifyHomePage" time="7.061"/>
  <testcase classname="com.TestCases.LoginPageTest" name="VerifyErrorMessage" time="11.315"/>
</testsuite> <!-- com.TestCases.LoginPageTest -->
